# JRE version: OpenJDK Runtime Environment Temurin-17.0.12+7 (17.0.12+7) (build 17.0.12+7)
# Java VM: OpenJDK 64-Bit Server VM Temurin-17.0.12+7 (17.0.12+7, mixed mode, tiered, compressed oops, compressed class ptrs, parallel gc, windows-amd64)
GC Precious Log:
 CPUs: 6 total, 6 available
 Memory: 16158M
 Large Page Support: Disabled
 NUMA Support: Disabled
 Compressed Oops: Enabled (32-bit)
 Alignments: Space 512K, Generation 512K, Heap 2M
 Heap Min Capacity: 100M
 Heap Initial Capacity: 100M
 Heap Max Capacity: 1G
 Pre-touch: Disabled
 Parallel Workers: 6
Heap:
 PSYoungGen      total 3072K, used 1326K [0x00000000eab00000, 0x00000000eb200000, 0x0000000100000000)
  eden space 2048K, 27% used [0x00000000eab00000,0x00000000eab8c728,0x00000000ead00000)
  from space 1024K, 74% used [0x00000000ead00000,0x00000000eadbf4b0,0x00000000eae00000)
  to   space 2048K, 0% used [0x00000000eb000000,0x00000000eb000000,0x00000000eb200000)
 ParOldGen       total 112128K, used 94461K [0x00000000c0000000, 0x00000000c6d80000, 0x00000000eab00000)
  object space 112128K, 84% used [0x00000000c0000000,0x00000000c5c3f650,0x00000000c6d80000)
 Metaspace       used 73623K, committed 74816K, reserved 1179648K
  class space    used 7603K, committed 8128K, reserved 1048576K
GC Heap History (20 events):
Event: 125.083 GC heap after
{Heap after GC invocations=280 (full 11):
 PSYoungGen      total 2560K, used 384K [0x00000000eab00000, 0x00000000eaf00000, 0x0000000100000000)
  eden space 2048K, 0% used [0x00000000eab00000,0x00000000eab00000,0x00000000ead00000)
  from space 512K, 75% used [0x00000000eae80000,0x00000000eaee0000,0x00000000eaf00000)
  to   space 1024K, 0% used [0x00000000ead00000,0x00000000ead00000,0x00000000eae00000)
 ParOldGen       total 112128K, used 79160K [0x00000000c0000000, 0x00000000c6d80000, 0x00000000eab00000)
  object space 112128K, 70% used [0x00000000c0000000,0x00000000c4d4e350,0x00000000c6d80000)
 Metaspace       used 73546K, committed 74752K, reserved 1179648K
  class space    used 7599K, committed 8128K, reserved 1048576K
}
Event: 125.087 GC heap before
{Heap before GC invocations=281 (full 11):
 PSYoungGen      total 2560K, used 2432K [0x00000000eab00000, 0x00000000eaf00000, 0x0000000100000000)
  eden space 2048K, 100% used [0x00000000eab00000,0x00000000ead00000,0x00000000ead00000)
  from space 512K, 75% used [0x00000000eae80000,0x00000000eaee0000,0x00000000eaf00000)
  to   space 1024K, 0% used [0x00000000ead00000,0x00000000ead00000,0x00000000eae00000)
 ParOldGen       total 112128K, used 79160K [0x00000000c0000000, 0x00000000c6d80000, 0x00000000eab00000)
  object space 112128K, 70% used [0x00000000c0000000,0x00000000c4d4e350,0x00000000c6d80000)
 Metaspace       used 73546K, committed 74752K, reserved 1179648K
  class space    used 7599K, committed 8128K, reserved 1048576K
}
Event: 125.088 GC heap after
{Heap after GC invocations=281 (full 11):
 PSYoungGen      total 3072K, used 675K [0x00000000eab00000, 0x00000000eaf00000, 0x0000000100000000)
  eden space 2048K, 0% used [0x00000000eab00000,0x00000000eab00000,0x00000000ead00000)
  from space 1024K, 66% used [0x00000000ead00000,0x00000000eada8ff8,0x00000000eae00000)
  to   space 1024K, 0% used [0x00000000eae00000,0x00000000eae00000,0x00000000eaf00000)
 ParOldGen       total 112128K, used 79160K [0x00000000c0000000, 0x00000000c6d80000, 0x00000000eab00000)
  object space 112128K, 70% used [0x00000000c0000000,0x00000000c4d4e350,0x00000000c6d80000)
 Metaspace       used 73546K, committed 74752K, reserved 1179648K
  class space    used 7599K, committed 8128K, reserved 1048576K
}
Event: 125.094 GC heap before
{Heap before GC invocations=282 (full 11):
 PSYoungGen      total 3072K, used 2723K [0x00000000eab00000, 0x00000000eaf00000, 0x0000000100000000)
  eden space 2048K, 100% used [0x00000000eab00000,0x00000000ead00000,0x00000000ead00000)
  from space 1024K, 66% used [0x00000000ead00000,0x00000000eada8ff8,0x00000000eae00000)
  to   space 1024K, 0% used [0x00000000eae00000,0x00000000eae00000,0x00000000eaf00000)
 ParOldGen       total 112128K, used 79160K [0x00000000c0000000, 0x00000000c6d80000, 0x00000000eab00000)
  object space 112128K, 70% used [0x00000000c0000000,0x00000000c4d4e350,0x00000000c6d80000)
 Metaspace       used 73546K, committed 74752K, reserved 1179648K
  class space    used 7599K, committed 8128K, reserved 1048576K
}
Event: 125.095 GC heap after
{Heap after GC invocations=282 (full 11):
 PSYoungGen      total 3072K, used 667K [0x00000000eab00000, 0x00000000eaf00000, 0x0000000100000000)
  eden space 2048K, 0% used [0x00000000eab00000,0x00000000eab00000,0x00000000ead00000)
  from space 1024K, 65% used [0x00000000eae00000,0x00000000eaea6c08,0x00000000eaf00000)
  to   space 1024K, 0% used [0x00000000ead00000,0x00000000ead00000,0x00000000eae00000)
 ParOldGen       total 112128K, used 79360K [0x00000000c0000000, 0x00000000c6d80000, 0x00000000eab00000)
  object space 112128K, 70% used [0x00000000c0000000,0x00000000c4d80350,0x00000000c6d80000)
 Metaspace       used 73546K, committed 74752K, reserved 1179648K
  class space    used 7599K, committed 8128K, reserved 1048576K
}
Event: 125.101 GC heap before
{Heap before GC invocations=283 (full 11):
 PSYoungGen      total 3072K, used 2715K [0x00000000eab00000, 0x00000000eaf00000, 0x0000000100000000)
  eden space 2048K, 100% used [0x00000000eab00000,0x00000000ead00000,0x00000000ead00000)
  from space 1024K, 65% used [0x00000000eae00000,0x00000000eaea6c08,0x00000000eaf00000)
  to   space 1024K, 0% used [0x00000000ead00000,0x00000000ead00000,0x00000000eae00000)
 ParOldGen       total 112128K, used 79360K [0x00000000c0000000, 0x00000000c6d80000, 0x00000000eab00000)
  object space 112128K, 70% used [0x00000000c0000000,0x00000000c4d80350,0x00000000c6d80000)
 Metaspace       used 73546K, committed 74752K, reserved 1179648K
  class space    used 7599K, committed 8128K, reserved 1048576K
}
Event: 125.102 GC heap after
{Heap after GC invocations=283 (full 11):
 PSYoungGen      total 3072K, used 571K [0x00000000eab00000, 0x00000000eaf00000, 0x0000000100000000)
  eden space 2048K, 0% used [0x00000000eab00000,0x00000000eab00000,0x00000000ead00000)
  from space 1024K, 55% used [0x00000000ead00000,0x00000000ead8ec08,0x00000000eae00000)
  to   space 1024K, 0% used [0x00000000eae00000,0x00000000eae00000,0x00000000eaf00000)
 ParOldGen       total 112128K, used 79684K [0x00000000c0000000, 0x00000000c6d80000, 0x00000000eab00000)
  object space 112128K, 71% used [0x00000000c0000000,0x00000000c4dd10d0,0x00000000c6d80000)
 Metaspace       used 73546K, committed 74752K, reserved 1179648K
  class space    used 7599K, committed 8128K, reserved 1048576K
}
Event: 125.129 GC heap before
{Heap before GC invocations=284 (full 11):
 PSYoungGen      total 3072K, used 2616K [0x00000000eab00000, 0x00000000eaf00000, 0x0000000100000000)
  eden space 2048K, 99% used [0x00000000eab00000,0x00000000eacff7d0,0x00000000ead00000)
  from space 1024K, 55% used [0x00000000ead00000,0x00000000ead8ec08,0x00000000eae00000)
  to   space 1024K, 0% used [0x00000000eae00000,0x00000000eae00000,0x00000000eaf00000)
 ParOldGen       total 112128K, used 79684K [0x00000000c0000000, 0x00000000c6d80000, 0x00000000eab00000)
  object space 112128K, 71% used [0x00000000c0000000,0x00000000c4dd10d0,0x00000000c6d80000)
 Metaspace       used 73546K, committed 74752K, reserved 1179648K
  class space    used 7599K, committed 8128K, reserved 1048576K
}
Event: 125.130 GC heap after
{Heap after GC invocations=284 (full 11):
 PSYoungGen      total 2560K, used 352K [0x00000000eab00000, 0x00000000eae80000, 0x0000000100000000)
  eden space 2048K, 0% used [0x00000000eab00000,0x00000000eab00000,0x00000000ead00000)
  from space 512K, 68% used [0x00000000eae00000,0x00000000eae58000,0x00000000eae80000)
  to   space 512K, 0% used [0x00000000ead80000,0x00000000ead80000,0x00000000eae00000)
 ParOldGen       total 112128K, used 80176K [0x00000000c0000000, 0x00000000c6d80000, 0x00000000eab00000)
  object space 112128K, 71% used [0x00000000c0000000,0x00000000c4e4c0e0,0x00000000c6d80000)
 Metaspace       used 73546K, committed 74752K, reserved 1179648K
  class space    used 7599K, committed 8128K, reserved 1048576K
}
Event: 125.153 GC heap before
{Heap before GC invocations=285 (full 11):
 PSYoungGen      total 2560K, used 2400K [0x00000000eab00000, 0x00000000eae80000, 0x0000000100000000)
  eden space 2048K, 100% used [0x00000000eab00000,0x00000000ead00000,0x00000000ead00000)
  from space 512K, 68% used [0x00000000eae00000,0x00000000eae58000,0x00000000eae80000)
  to   space 512K, 0% used [0x00000000ead80000,0x00000000ead80000,0x00000000eae00000)
 ParOldGen       total 112128K, used 80176K [0x00000000c0000000, 0x00000000c6d80000, 0x00000000eab00000)
  object space 112128K, 71% used [0x00000000c0000000,0x00000000c4e4c0e0,0x00000000c6d80000)
 Metaspace       used 73590K, committed 74816K, reserved 1179648K
  class space    used 7602K, committed 8128K, reserved 1048576K
}
Event: 125.153 GC heap after
{Heap after GC invocations=285 (full 11):
 PSYoungGen      total 2560K, used 454K [0x00000000eab00000, 0x00000000eae80000, 0x0000000100000000)
  eden space 2048K, 0% used [0x00000000eab00000,0x00000000eab00000,0x00000000ead00000)
  from space 512K, 88% used [0x00000000ead80000,0x00000000eadf18f8,0x00000000eae00000)
  to   space 512K, 0% used [0x00000000eae00000,0x00000000eae00000,0x00000000eae80000)
 ParOldGen       total 112128K, used 80248K [0x00000000c0000000, 0x00000000c6d80000, 0x00000000eab00000)
  object space 112128K, 71% used [0x00000000c0000000,0x00000000c4e5e0e0,0x00000000c6d80000)
 Metaspace       used 73590K, committed 74816K, reserved 1179648K
  class space    used 7602K, committed 8128K, reserved 1048576K
}
Event: 125.157 GC heap before
{Heap before GC invocations=286 (full 11):
 PSYoungGen      total 2560K, used 2502K [0x00000000eab00000, 0x00000000eae80000, 0x0000000100000000)
  eden space 2048K, 100% used [0x00000000eab00000,0x00000000ead00000,0x00000000ead00000)
  from space 512K, 88% used [0x00000000ead80000,0x00000000eadf18f8,0x00000000eae00000)
  to   space 512K, 0% used [0x00000000eae00000,0x00000000eae00000,0x00000000eae80000)
 ParOldGen       total 112128K, used 80248K [0x00000000c0000000, 0x00000000c6d80000, 0x00000000eab00000)
  object space 112128K, 71% used [0x00000000c0000000,0x00000000c4e5e0e0,0x00000000c6d80000)
 Metaspace       used 73590K, committed 74816K, reserved 1179648K
  class space    used 7602K, committed 8128K, reserved 1048576K
}
Event: 125.158 GC heap after
{Heap after GC invocations=286 (full 11):
 PSYoungGen      total 2048K, used 486K [0x00000000eab00000, 0x00000000eb000000, 0x0000000100000000)
  eden space 1536K, 0% used [0x00000000eab00000,0x00000000eab00000,0x00000000eac80000)
  from space 512K, 94% used [0x00000000eae00000,0x00000000eae798f8,0x00000000eae80000)
  to   space 1536K, 0% used [0x00000000eac80000,0x00000000eac80000,0x00000000eae00000)
 ParOldGen       total 112128K, used 80928K [0x00000000c0000000, 0x00000000c6d80000, 0x00000000eab00000)
  object space 112128K, 72% used [0x00000000c0000000,0x00000000c4f080e0,0x00000000c6d80000)
 Metaspace       used 73590K, committed 74816K, reserved 1179648K
  class space    used 7602K, committed 8128K, reserved 1048576K
}
Event: 125.161 GC heap before
{Heap before GC invocations=287 (full 11):
 PSYoungGen      total 2048K, used 2022K [0x00000000eab00000, 0x00000000eb000000, 0x0000000100000000)
  eden space 1536K, 100% used [0x00000000eab00000,0x00000000eac80000,0x00000000eac80000)
  from space 512K, 94% used [0x00000000eae00000,0x00000000eae798f8,0x00000000eae80000)
  to   space 1536K, 0% used [0x00000000eac80000,0x00000000eac80000,0x00000000eae00000)
 ParOldGen       total 112128K, used 80928K [0x00000000c0000000, 0x00000000c6d80000, 0x00000000eab00000)
  object space 112128K, 72% used [0x00000000c0000000,0x00000000c4f080e0,0x00000000c6d80000)
 Metaspace       used 73592K, committed 74816K, reserved 1179648K
  class space    used 7602K, committed 8128K, reserved 1048576K
}
Event: 125.162 GC heap after
{Heap after GC invocations=287 (full 11):
 PSYoungGen      total 2560K, used 576K [0x00000000eab00000, 0x00000000eae80000, 0x0000000100000000)
  eden space 1536K, 0% used [0x00000000eab00000,0x00000000eab00000,0x00000000eac80000)
  from space 1024K, 56% used [0x00000000eac80000,0x00000000ead10000,0x00000000ead80000)
  to   space 1024K, 0% used [0x00000000ead80000,0x00000000ead80000,0x00000000eae80000)
 ParOldGen       total 112128K, used 81360K [0x00000000c0000000, 0x00000000c6d80000, 0x00000000eab00000)
  object space 112128K, 72% used [0x00000000c0000000,0x00000000c4f741b0,0x00000000c6d80000)
 Metaspace       used 73592K, committed 74816K, reserved 1179648K
  class space    used 7602K, committed 8128K, reserved 1048576K
}
Event: 125.163 GC heap before
{Heap before GC invocations=288 (full 11):
 PSYoungGen      total 2560K, used 2112K [0x00000000eab00000, 0x00000000eae80000, 0x0000000100000000)
  eden space 1536K, 100% used [0x00000000eab00000,0x00000000eac80000,0x00000000eac80000)
  from space 1024K, 56% used [0x00000000eac80000,0x00000000ead10000,0x00000000ead80000)
  to   space 1024K, 0% used [0x00000000ead80000,0x00000000ead80000,0x00000000eae80000)
 ParOldGen       total 112128K, used 81360K [0x00000000c0000000, 0x00000000c6d80000, 0x00000000eab00000)
  object space 112128K, 72% used [0x00000000c0000000,0x00000000c4f741b0,0x00000000c6d80000)
 Metaspace       used 73592K, committed 74816K, reserved 1179648K
  class space    used 7602K, committed 8128K, reserved 1048576K
}
Event: 125.164 GC heap after
{Heap after GC invocations=288 (full 11):
 PSYoungGen      total 2560K, used 544K [0x00000000eab00000, 0x00000000eaf00000, 0x0000000100000000)
  eden space 1536K, 0% used [0x00000000eab00000,0x00000000eab00000,0x00000000eac80000)
  from space 1024K, 53% used [0x00000000ead80000,0x00000000eae08000,0x00000000eae80000)
  to   space 1024K, 0% used [0x00000000eac80000,0x00000000eac80000,0x00000000ead80000)
 ParOldGen       total 112128K, used 81848K [0x00000000c0000000, 0x00000000c6d80000, 0x00000000eab00000)
  object space 112128K, 72% used [0x00000000c0000000,0x00000000c4fee1b0,0x00000000c6d80000)
 Metaspace       used 73592K, committed 74816K, reserved 1179648K
  class space    used 7602K, committed 8128K, reserved 1048576K
}
Event: 125.168 GC heap before
{Heap before GC invocations=289 (full 11):
 PSYoungGen      total 2560K, used 2080K [0x00000000eab00000, 0x00000000eaf00000, 0x0000000100000000)
  eden space 1536K, 100% used [0x00000000eab00000,0x00000000eac80000,0x00000000eac80000)
  from space 1024K, 53% used [0x00000000ead80000,0x00000000eae08000,0x00000000eae80000)
  to   space 1024K, 0% used [0x00000000eac80000,0x00000000eac80000,0x00000000ead80000)
 ParOldGen       total 112128K, used 81848K [0x00000000c0000000, 0x00000000c6d80000, 0x00000000eab00000)
  object space 112128K, 72% used [0x00000000c0000000,0x00000000c4fee1b0,0x00000000c6d80000)
 Metaspace       used 73596K, committed 74816K, reserved 1179648K
  class space    used 7602K, committed 8128K, reserved 1048576K
}
Event: 125.169 GC heap after
{Heap after GC invocations=289 (full 11):
 PSYoungGen      total 2560K, used 994K [0x00000000eab00000, 0x00000000eb100000, 0x0000000100000000)
  eden space 1536K, 0% used [0x00000000eab00000,0x00000000eab00000,0x00000000eac80000)
  from space 1024K, 97% used [0x00000000eac80000,0x00000000ead78ac0,0x00000000ead80000)
  to   space 2048K, 0% used [0x00000000eaf00000,0x00000000eaf00000,0x00000000eb100000)
 ParOldGen       total 112128K, used 82344K [0x00000000c0000000, 0x00000000c6d80000, 0x00000000eab00000)
  object space 112128K, 73% used [0x00000000c0000000,0x00000000c506a1b0,0x00000000c6d80000)
 Metaspace       used 73596K, committed 74816K, reserved 1179648K
  class space    used 7602K, committed 8128K, reserved 1048576K
}
Event: 125.176 GC heap before
{Heap before GC invocations=290 (full 11):
 PSYoungGen      total 2560K, used 2530K [0x00000000eab00000, 0x00000000eb100000, 0x0000000100000000)
  eden space 1536K, 100% used [0x00000000eab00000,0x00000000eac80000,0x00000000eac80000)
  from space 1024K, 97% used [0x00000000eac80000,0x00000000ead78ac0,0x00000000ead80000)
  to   space 2048K, 0% used [0x00000000eaf00000,0x00000000eaf00000,0x00000000eb100000)
 ParOldGen       total 112128K, used 82344K [0x00000000c0000000, 0x00000000c6d80000, 0x00000000eab00000)
  object space 112128K, 73% used [0x00000000c0000000,0x00000000c506a1b0,0x00000000c6d80000)
 Metaspace       used 73596K, committed 74816K, reserved 1179648K
  class space    used 7602K, committed 8128K, reserved 1048576K
}

